<?xml version="1.0" encoding="UTF-8"?>
<!-- Generated by org.testng.reporters.JUnitReportReporter -->
<testsuite skipped="0" hostname="Anshu-Rocho" name="tests.ContactPageTests" tests="3" failures="0" timestamp="17 Nov 2020 11:28:38 GMT" time="12.543" errors="0">
  <testcase name="verifyMandatoryFieldsErrorMessages" time="10.671" classname="tests.ContactPageTests"/>
  <testcase name="verifySuccessfulSumbmission" time="1.632" classname="tests.ContactPageTests"/>
  <testcase name="verifyErrorsOnInvalidData" time="0.240" classname="tests.ContactPageTests"/>
</testsuite> <!-- tests.ContactPageTests -->
