<?xml version="1.0" encoding="UTF-8"?>
<!-- Generated by org.testng.reporters.JUnitReportReporter -->
<testsuite skipped="0" hostname="Anshu-Rocho" name="tests.ShopPageTests" tests="1" failures="0" timestamp="17 Nov 2020 11:28:38 GMT" time="0.688" errors="0">
  <testcase name="verifyItemsInShoppingCart" time="0.688" classname="tests.ShopPageTests"/>
</testsuite> <!-- tests.ShopPageTests -->
